<?xml version="1.0" encoding="UTF-8"?>
<!-- Generated by org.testng.reporters.JUnitReportReporter -->
<testsuite hostname="DESKTOP-USP7IK8" failures="0" tests="3" name="practice.dataProvider_DDT2" time="0.017" errors="0" timestamp="2022-06-11T11:42:54 IST" skipped="0">
  <testcase classname="practice.dataProvider_DDT2" name="bookATicket" time="0.002"/>
  <system-out/>
  <testcase classname="practice.dataProvider_DDT2" name="bookATicket" time="0.006"/>
  <system-out/>
  <testcase classname="practice.dataProvider_DDT2" name="bookATicket" time="0.009"/>
  <system-out/>
</testsuite> <!-- practice.dataProvider_DDT2 -->
