<?xml version="1.0" encoding="UTF-8"?>
<!-- Generated by org.testng.reporters.JUnitReportReporter -->
<testsuite hostname="DESKTOP-USP7IK8" failures="0" tests="2" name="xml.CreateCampaginWithProduct_2_Test" time="54.851" errors="0" timestamp="2022-06-09T13:27:42 IST" skipped="0">
  <testcase classname="xml.CreateCampaginWithProduct_2_Test" name="CreateCampaginWithProductTest" time="33.187"/>
  <system-out/>
  <testcase classname="xml.CreateCampaginWithProduct_2_Test" name="createCampaignTest" time="21.664"/>
  <system-out/>
</testsuite> <!-- xml.CreateCampaginWithProduct_2_Test -->
