<?xml version="1.0" encoding="UTF-8"?>
<!-- Generated by org.testng.reporters.JUnitReportReporter -->
<testsuite hostname="DESKTOP-USP7IK8" failures="0" tests="2" name="xml.CampaginTest" time="57.263" errors="0" timestamp="2022-06-09T14:58:02 IST" skipped="0">
  <testcase classname="xml.CampaginTest" name="createCampaignTest" time="24.404"/>
  <system-out/>
  <testcase classname="xml.CampaginTest" name="CreateCampaginWithProductTest" time="32.859"/>
  <system-out/>
</testsuite> <!-- xml.CampaginTest -->
