<?xml version="1.0" encoding="UTF-8"?>
<!-- Generated by org.testng.reporters.JUnitReportReporter -->
<testsuite hostname="DESKTOP-USP7IK8" failures="0" tests="1" name="xml.ContactTest" time="34.869" errors="0" timestamp="2022-06-09T16:14:19 IST" skipped="0">
  <testcase classname="xml.ContactTest" name="createContactTest" time="34.869"/>
  <system-out/>
</testsuite> <!-- xml.ContactTest -->
