<?xml version="1.0" encoding="UTF-8"?>
<!-- Generated by org.testng.reporters.JUnitReportReporter -->
<testsuite hostname="DESKTOP-USP7IK8" failures="0" tests="1" name="com.crm.comcast.contactTest.DeleteContact_3_Test" time="22.136" errors="0" timestamp="2022-06-09T17:32:48 IST" skipped="0">
  <testcase classname="com.crm.comcast.contactTest.DeleteContact_3_Test" name="deleteContactTest" time="22.136"/>
  <system-out/>
</testsuite> <!-- com.crm.comcast.contactTest.DeleteContact_3_Test -->
