<?xml version="1.0" encoding="UTF-8"?>
<!-- Generated by org.testng.reporters.JUnitReportReporter -->
<testsuite hostname="DESKTOP-USP7IK8" failures="0" tests="4" name="practice.SampleTest" time="0.017" errors="0" timestamp="2022-06-03T17:23:45 IST" skipped="0">
  <testcase classname="practice.SampleTest" name="modifyContactTest" time="0.002"/>
  <system-out/>
  <testcase classname="practice.SampleTest" name="createContactTest" time="0.011"/>
  <system-out/>
  <testcase classname="practice.SampleTest" name="deleteContactTest" time="0.002"/>
  <system-out/>
  <testcase classname="practice.SampleTest" name="modifyContactTest" time="0.002"/>
  <system-out/>
</testsuite> <!-- practice.SampleTest -->
