<?xml version="1.0" encoding="UTF-8"?>
<!-- Generated by org.testng.reporters.JUnitReportReporter -->
<testsuite hostname="DESKTOP-USP7IK8" failures="0" tests="1" name="com.crm.comcast.contactTest.CreateContactWithoutMandatoryTest" time="28.249" errors="0" timestamp="2022-06-11T12:22:02 IST" skipped="0">
  <testcase classname="com.crm.comcast.contactTest.CreateContactWithoutMandatoryTest" name="createContactTest" time="28.249"/>
  <system-out/>
</testsuite> <!-- com.crm.comcast.contactTest.CreateContactWithoutMandatoryTest -->
