<?xml version="1.0" encoding="UTF-8"?>
<!-- Generated by org.testng.reporters.JUnitReportReporter -->
<testsuite hostname="DESKTOP-USP7IK8" failures="0" tests="1" name="com.crm.comcast.campaignTest.CreateCampaginWithProduct_2_Test" time="28.688" errors="0" timestamp="2022-06-09T17:32:48 IST" skipped="0">
  <testcase classname="com.crm.comcast.campaignTest.CreateCampaginWithProduct_2_Test" name="CreateCampaginWithProductTest" time="28.688"/>
  <system-out/>
</testsuite> <!-- com.crm.comcast.campaignTest.CreateCampaginWithProduct_2_Test -->
