<?xml version="1.0" encoding="UTF-8"?>
<!-- Generated by org.testng.reporters.JUnitReportReporter -->
<testsuite skipped="0" hostname="DESKTOP-USP7IK8" name="com.crm.comcast.campaignTest.CreateCampaignTest" tests="1" failures="0" timestamp="2022-06-14T10:57:32 IST" time="27.189" errors="0">
  <testcase name="createCampaignTest" time="27.189" classname="com.crm.comcast.campaignTest.CreateCampaignTest"/>
  <system-out/>
</testsuite> <!-- com.crm.comcast.campaignTest.CreateCampaignTest -->
